2019-06-02 19:53:03,729 Loging module initialization: successfully
2019-06-02 19:53:06,440 Import modules: seccessfully
2019-06-02 19:53:06,477 Starting new HTTPS connection (1): api.vk.com:443
2019-06-02 19:53:07,190 https://api.vk.com:443 "GET /method/wall.get?access_token=625109bd625109bd625109bdf2623bc2bc66251625109bd3eba4eb1c9ab68bbea9a3f17&version=5.95&domain=fit4life_official&count=1&offset=0 HTTP/1.1" 200 899
2019-06-02 19:53:07,197 Response status: <Response [200]>
2019-06-02 19:54:40,090 Loging module initialization: successfully
2019-06-02 19:54:40,370 Import modules: seccessfully
2019-06-02 19:54:40,378 Starting new HTTPS connection (1): api.vk.com:443
2019-06-02 19:54:40,822 https://api.vk.com:443 "GET /method/wall.get?access_token=625109bd625109bd625109bdf2623bc2bc66251625109bd3eba4eb1c9ab68bbea9a3f17&version=5.95&domain=fit4life_official&count=1&offset=0 HTTP/1.1" 200 899
2019-06-02 19:54:40,828 Response status: <Response [200]>
2019-06-02 19:55:15,762 Loging module initialization: successfully
2019-06-02 19:55:16,036 Import modules: seccessfully
2019-06-02 19:55:16,039 Starting new HTTPS connection (1): api.vk.com:443
2019-06-02 19:55:16,429 https://api.vk.com:443 "GET /method/wall.get?access_token=625109bd625109bd625109bdf2623bc2bc66251625109bd3eba4eb1c9ab68bbea9a3f17&version=5.95&domain=fit4life_official&count=1&offset=0 HTTP/1.1" 200 907
2019-06-02 19:55:16,434 Response status: <Response [200]>
2019-06-02 19:56:05,968 Loging module initialization: successfully
2019-06-02 19:56:06,302 Import modules: seccessfully
2019-06-02 19:56:06,305 Starting new HTTPS connection (1): api.vk.com:443
2019-06-02 19:56:06,803 https://api.vk.com:443 "GET /method/wall.get?access_token=625109bd625109bd625109bdf2623bc2bc66251625109bd3eba4eb1c9ab68bbea9a3f17&version=5.95&domain=fit4life_official&count=1&offset=0 HTTP/1.1" 200 907
2019-06-02 19:56:06,808 Response status: <Response [200]>
2019-06-02 19:56:24,088 Loging module initialization: successfully
2019-06-02 19:56:24,387 Import modules: seccessfully
2019-06-02 19:56:24,390 Starting new HTTPS connection (1): api.vk.com:443
2019-06-02 19:56:24,851 https://api.vk.com:443 "GET /method/wall.get?access_token=625109bd625109bd625109bdf2623bc2bc66251625109bd3eba4eb1c9ab68bbea9a3f17&version=5.95&domain=fit4life_official&count=1&offset=0 HTTP/1.1" 200 899
2019-06-02 19:56:24,857 Response status: <Response [200]>
2019-06-02 19:57:10,495 Loging module initialization: successfully
2019-06-02 19:57:10,800 Import modules: seccessfully
2019-06-02 19:57:10,803 Starting new HTTPS connection (1): api.vk.com:443
2019-06-02 19:57:11,243 https://api.vk.com:443 "GET /method/wall.get?access_token=625109bd625109bd625109bdf2623bc2bc66251625109bd3eba4eb1c9ab68bbea9a3f17&version=5.95&domain=fit4life_official&count=1&offset=0 HTTP/1.1" 200 899
2019-06-02 19:57:11,251 Response status: <Response [200]>
2019-06-02 19:57:29,472 Loging module initialization: successfully
2019-06-02 19:57:29,743 Import modules: seccessfully
2019-06-02 19:57:29,745 Starting new HTTPS connection (1): api.vk.com:443
2019-06-02 19:57:30,268 https://api.vk.com:443 "GET /method/wall.get?access_token=625109bd625109bd625109bdf2623bc2bc66251625109bd3eba4eb1c9ab68bbea9a3f17&version=5.95&domain=fit4life_official&count=1&offset=0 HTTP/1.1" 200 907
2019-06-02 19:57:30,274 Response status: <Response [200]>
2019-06-02 19:58:09,973 Loging module initialization: successfully
2019-06-02 19:58:10,257 Import modules: seccessfully
2019-06-02 19:58:10,259 Starting new HTTPS connection (1): api.vk.com:443
2019-06-02 19:58:10,684 https://api.vk.com:443 "GET /method/wall.get?access_token=625109bd625109bd625109bdf2623bc2bc66251625109bd3eba4eb1c9ab68bbea9a3f17&version=5.95&domain=fit4life_official&count=1&offset=0 HTTP/1.1" 200 899
2019-06-02 19:58:10,689 Response status: <Response [200]>
2019-06-02 20:06:05,957 Loging module initialization: successfully
2019-06-02 20:06:06,210 Import modules: seccessfully
2019-06-02 20:06:06,213 Starting new HTTPS connection (1): api.vk.com:443
2019-06-02 20:06:06,761 https://api.vk.com:443 "GET /method/wall.get?access_token=625109bd625109bd625109bdf2623bc2bc66251625109bd3eba4eb1c9ab68bbea9a3f17&version=5.95&domain=fit4life_official&count=1&offset=0 HTTP/1.1" 200 899
2019-06-02 20:06:06,765 Response status: <Response [200]>
2019-06-02 20:06:56,239 Loging module initialization: successfully
2019-06-02 20:06:56,490 Import modules: seccessfully
2019-06-02 20:06:56,493 Starting new HTTPS connection (1): api.vk.com:443
2019-06-02 20:06:56,889 https://api.vk.com:443 "GET /method/wall.get?access_token=625109bd625109bd625109bdf2623bc2bc66251625109bd3eba4eb1c9ab68bbea9a3f17&version=5.95&domain=fit4life_official&count=1&offset=0 HTTP/1.1" 200 907
2019-06-02 20:06:56,892 Response status: <Response [200]>
